0 info it worked if it ends with ok
1 verbose cli [ 'C:\\Program Files\\nodejs\\node.exe',
1 verbose cli   'C:\\Program Files\\nodejs\\node_modules\\npm\\bin\\npm-cli.js',
1 verbose cli   'run',
1 verbose cli   'start' ]
2 info using npm@4.1.2
3 info using node@v7.7.1
4 verbose run-script [ 'prestart', 'start', 'poststart' ]
5 info lifecycle Open-Energy-Dashboard@0.0.0~prestart: Open-Energy-Dashboard@0.0.0
6 silly lifecycle Open-Energy-Dashboard@0.0.0~prestart: no script for prestart, continuing
7 info lifecycle Open-Energy-Dashboard@0.0.0~start: Open-Energy-Dashboard@0.0.0
8 verbose lifecycle Open-Energy-Dashboard@0.0.0~start: unsafe-perm in lifecycle true
9 verbose lifecycle Open-Energy-Dashboard@0.0.0~start: PATH: C:\Program Files\nodejs\node_modules\npm\bin\node-gyp-bin;C:\Users\Sandeep Acharya\IdeaProjects\OED\node_modules\.bin;C:\Perl64\site\bin;C:\Perl64\bin;C:\ProgramData\Oracle\Java\javapath;C:\WINDOWS\system32;C:\WINDOWS;C:\WINDOWS\System32\Wbem;C:\WINDOWS\System32\WindowsPowerShell\v1.0\;c:\Program Files\Intel\IntelSGXPSW\bin\x64\Release\;c:\Program Files\Intel\IntelSGXPSW\bin\win32\Release\;C:\Program Files\Git\cmd;C:\Program Files (x86)\IVI Foundation\VISA\WinNT\Bin;C:\Program Files\leJOS EV3\bin;C:\Program Files\nodejs\;C:\Program Files (x86)\Skype\Phone\;C:\Program Files\Intel\WiFi\bin\;C:\Program Files\Common Files\Intel\WirelessCommon\;C:\Program Files\Microsoft SQL Server\130\Tools\Binn\;C:\Program Files\dotnet\;C:\Program Files\IDM Computer Solutions\UltraCompare;C:\Users\Sandeep Acharya\AppData\Local\Microsoft\WindowsApps;C:\Users\Sandeep Acharya\AppData\Roaming\npm;
10 verbose lifecycle Open-Energy-Dashboard@0.0.0~start: CWD: C:\Users\Sandeep Acharya\IdeaProjects\OED
11 silly lifecycle Open-Energy-Dashboard@0.0.0~start: Args: [ '/d /s /c', 'node ./src/bin/www' ]
12 silly lifecycle Open-Energy-Dashboard@0.0.0~start: Returned: code: 1  signal: null
13 info lifecycle Open-Energy-Dashboard@0.0.0~start: Failed to exec start script
14 verbose stack Error: Open-Energy-Dashboard@0.0.0 start: `node ./src/bin/www`
14 verbose stack Exit status 1
14 verbose stack     at EventEmitter.<anonymous> (C:\Program Files\nodejs\node_modules\npm\lib\utils\lifecycle.js:279:16)
14 verbose stack     at emitTwo (events.js:106:13)
14 verbose stack     at EventEmitter.emit (events.js:194:7)
14 verbose stack     at ChildProcess.<anonymous> (C:\Program Files\nodejs\node_modules\npm\lib\utils\spawn.js:40:14)
14 verbose stack     at emitTwo (events.js:106:13)
14 verbose stack     at ChildProcess.emit (events.js:194:7)
14 verbose stack     at maybeClose (internal/child_process.js:899:16)
14 verbose stack     at Process.ChildProcess._handle.onexit (internal/child_process.js:226:5)
15 verbose pkgid Open-Energy-Dashboard@0.0.0
16 verbose cwd C:\Users\Sandeep Acharya\IdeaProjects\OED\src\client
17 error Windows_NT 10.0.15063
18 error argv "C:\\Program Files\\nodejs\\node.exe" "C:\\Program Files\\nodejs\\node_modules\\npm\\bin\\npm-cli.js" "run" "start"
19 error node v7.7.1
20 error npm  v4.1.2
21 error code ELIFECYCLE
22 error Open-Energy-Dashboard@0.0.0 start: `node ./src/bin/www`
22 error Exit status 1
23 error Failed at the Open-Energy-Dashboard@0.0.0 start script 'node ./src/bin/www'.
23 error Make sure you have the latest version of node.js and npm installed.
23 error If you do, this is most likely a problem with the Open-Energy-Dashboard package,
23 error not with npm itself.
23 error Tell the author that this fails on your system:
23 error     node ./src/bin/www
23 error You can get information on how to open an issue for this project with:
23 error     npm bugs Open-Energy-Dashboard
23 error Or if that isn't available, you can get their info via:
23 error     npm owner ls Open-Energy-Dashboard
23 error There is likely additional logging output above.
24 verbose exit [ 1, true ]
